<?xml version="1.0" encoding="UTF-8"?>
<!-- Generated by org.testng.reporters.JUnitReportReporter -->
<testsuite skipped="0" hostname="qapitol-ThinkPad-L470" name="dataprovider.io.test.DataproviderCheck1" tests="5" failures="0" timestamp="02 Aug 2019 10:43:51 GMT" time="11.526" errors="0">
  <testcase name="login" time="1.938" classname="dataprovider.io.test.DataproviderCheck1"/>
  <testcase name="login" time="2.517" classname="dataprovider.io.test.DataproviderCheck1"/>
  <testcase name="login" time="2.269" classname="dataprovider.io.test.DataproviderCheck1"/>
  <testcase name="login" time="2.693" classname="dataprovider.io.test.DataproviderCheck1"/>
  <testcase name="login" time="2.109" classname="dataprovider.io.test.DataproviderCheck1"/>
</testsuite> <!-- dataprovider.io.test.DataproviderCheck1 -->
