<?xml version="1.0" encoding="UTF-8"?>
<!-- Generated by org.testng.reporters.JUnitReportReporter -->
<testsuite skipped="0" hostname="qapitol-ThinkPad-L470" name="dataprovider.io.test.DataproviderCheck" tests="5" failures="0" timestamp="02 Aug 2019 08:11:20 GMT" time="11.370" errors="0">
  <testcase name="login" time="1.964" classname="dataprovider.io.test.DataproviderCheck"/>
  <testcase name="login" time="2.405" classname="dataprovider.io.test.DataproviderCheck"/>
  <testcase name="login" time="1.883" classname="dataprovider.io.test.DataproviderCheck"/>
  <testcase name="login" time="2.757" classname="dataprovider.io.test.DataproviderCheck"/>
  <testcase name="login" time="2.361" classname="dataprovider.io.test.DataproviderCheck"/>
</testsuite> <!-- dataprovider.io.test.DataproviderCheck -->
