<?xml version="1.0" encoding="UTF-8"?>
<!-- Generated by org.testng.reporters.JUnitReportReporter -->
<testsuite skipped="0" hostname="qapitol-ThinkPad-L470" name="dataprovider.io.test.DataproviderCheck1" tests="5" failures="0" timestamp="02 Aug 2019 09:50:50 GMT" time="15.048" errors="0">
  <testcase name="login" time="1.969" classname="dataprovider.io.test.DataproviderCheck1"/>
  <testcase name="login" time="2.439" classname="dataprovider.io.test.DataproviderCheck1"/>
  <testcase name="login" time="6.631" classname="dataprovider.io.test.DataproviderCheck1"/>
  <testcase name="login" time="1.825" classname="dataprovider.io.test.DataproviderCheck1"/>
  <testcase name="login" time="2.184" classname="dataprovider.io.test.DataproviderCheck1"/>
</testsuite> <!-- dataprovider.io.test.DataproviderCheck1 -->
